[2023-05-05T02:08:16.896+0000] {taskinstance.py:1090} INFO - Dependencies all met for dep_context=non-requeueable deps ti=<TaskInstance: stock_market_pipeline_v1.data_processing manual__2023-05-05T02:08:15.745374+00:00 [queued]>
[2023-05-05T02:08:16.900+0000] {taskinstance.py:1090} INFO - Dependencies all met for dep_context=requeueable deps ti=<TaskInstance: stock_market_pipeline_v1.data_processing manual__2023-05-05T02:08:15.745374+00:00 [queued]>
[2023-05-05T02:08:16.901+0000] {taskinstance.py:1288} INFO - 
--------------------------------------------------------------------------------
[2023-05-05T02:08:16.901+0000] {taskinstance.py:1289} INFO - Starting attempt 1 of 1
[2023-05-05T02:08:16.901+0000] {taskinstance.py:1290} INFO - 
--------------------------------------------------------------------------------
[2023-05-05T02:08:16.907+0000] {taskinstance.py:1309} INFO - Executing <Task(BashOperator): data_processing> on 2023-05-05 02:08:15.745374+00:00
[2023-05-05T02:08:16.911+0000] {standard_task_runner.py:55} INFO - Started process 167 to run task
[2023-05-05T02:08:16.913+0000] {standard_task_runner.py:82} INFO - Running: ['***', 'tasks', 'run', 'stock_market_pipeline_v1', 'data_processing', 'manual__2023-05-05T02:08:15.745374+00:00', '--job-id', '4', '--raw', '--subdir', 'DAGS_FOLDER/data_pipeline.py', '--cfg-path', '/tmp/tmps8hzsjzk']
[2023-05-05T02:08:16.914+0000] {standard_task_runner.py:83} INFO - Job 4: Subtask data_processing
[2023-05-05T02:08:16.947+0000] {task_command.py:389} INFO - Running <TaskInstance: stock_market_pipeline_v1.data_processing manual__2023-05-05T02:08:15.745374+00:00 [running]> on host eb70fa53aaaf
[2023-05-05T02:08:16.980+0000] {taskinstance.py:1516} INFO - Exporting the following env vars:
AIRFLOW_CTX_DAG_OWNER=Kevin Freire
AIRFLOW_CTX_DAG_ID=stock_market_pipeline_v1
AIRFLOW_CTX_TASK_ID=data_processing
AIRFLOW_CTX_EXECUTION_DATE=2023-05-05T02:08:15.745374+00:00
AIRFLOW_CTX_TRY_NUMBER=1
AIRFLOW_CTX_DAG_RUN_ID=manual__2023-05-05T02:08:15.745374+00:00
[2023-05-05T02:08:16.981+0000] {subprocess.py:63} INFO - Tmp dir root location: 
 /tmp
[2023-05-05T02:08:16.982+0000] {subprocess.py:75} INFO - Running command: ['/bin/bash', '-c', 'python3 /opt/***/scripts/data_processing.py']
[2023-05-05T02:08:16.990+0000] {subprocess.py:86} INFO - Output:
[2023-05-05T02:08:17.851+0000] {subprocess.py:97} INFO - Command exited with return code 0
[2023-05-05T02:08:17.866+0000] {taskinstance.py:1327} INFO - Marking task as SUCCESS. dag_id=stock_market_pipeline_v1, task_id=data_processing, execution_date=20230505T020815, start_date=20230505T020816, end_date=20230505T020817
[2023-05-05T02:08:17.887+0000] {local_task_job.py:212} INFO - Task exited with return code 0
[2023-05-05T02:08:17.903+0000] {taskinstance.py:2596} INFO - 1 downstream tasks scheduled from follow-on schedule check
