[2023-05-05T03:24:13.529+0000] {taskinstance.py:1090} INFO - Dependencies all met for dep_context=non-requeueable deps ti=<TaskInstance: stock_market_pipeline_v1.1.extract_features manual__2023-05-05T02:10:07.619266+00:00 [queued]>
[2023-05-05T03:24:13.533+0000] {taskinstance.py:1090} INFO - Dependencies all met for dep_context=requeueable deps ti=<TaskInstance: stock_market_pipeline_v1.1.extract_features manual__2023-05-05T02:10:07.619266+00:00 [queued]>
[2023-05-05T03:24:13.533+0000] {taskinstance.py:1288} INFO - 
--------------------------------------------------------------------------------
[2023-05-05T03:24:13.533+0000] {taskinstance.py:1289} INFO - Starting attempt 1 of 1
[2023-05-05T03:24:13.533+0000] {taskinstance.py:1290} INFO - 
--------------------------------------------------------------------------------
[2023-05-05T03:24:13.540+0000] {taskinstance.py:1309} INFO - Executing <Task(BashOperator): extract_features> on 2023-05-05 02:10:07.619266+00:00
[2023-05-05T03:24:13.544+0000] {standard_task_runner.py:55} INFO - Started process 2333 to run task
[2023-05-05T03:24:13.546+0000] {standard_task_runner.py:82} INFO - Running: ['***', 'tasks', 'run', 'stock_market_pipeline_v1.1', 'extract_features', 'manual__2023-05-05T02:10:07.619266+00:00', '--job-id', '8', '--raw', '--subdir', 'DAGS_FOLDER/data_pipeline.py', '--cfg-path', '/tmp/tmp9p4ve1zf']
[2023-05-05T03:24:13.547+0000] {standard_task_runner.py:83} INFO - Job 8: Subtask extract_features
[2023-05-05T03:24:13.580+0000] {task_command.py:389} INFO - Running <TaskInstance: stock_market_pipeline_v1.1.extract_features manual__2023-05-05T02:10:07.619266+00:00 [running]> on host eb70fa53aaaf
[2023-05-05T03:24:13.612+0000] {taskinstance.py:1516} INFO - Exporting the following env vars:
AIRFLOW_CTX_DAG_OWNER=Kevin Freire
AIRFLOW_CTX_DAG_ID=stock_market_pipeline_v1.1
AIRFLOW_CTX_TASK_ID=extract_features
AIRFLOW_CTX_EXECUTION_DATE=2023-05-05T02:10:07.619266+00:00
AIRFLOW_CTX_TRY_NUMBER=1
AIRFLOW_CTX_DAG_RUN_ID=manual__2023-05-05T02:10:07.619266+00:00
[2023-05-05T03:24:13.613+0000] {subprocess.py:63} INFO - Tmp dir root location: 
 /tmp
[2023-05-05T03:24:13.613+0000] {subprocess.py:75} INFO - Running command: ['/bin/bash', '-c', 'python3 /opt/***/scripts/feature_eng.py']
[2023-05-05T03:24:13.622+0000] {subprocess.py:86} INFO - Output:
[2023-05-05T03:25:51.770+0000] {subprocess.py:97} INFO - Command exited with return code 0
[2023-05-05T03:25:51.786+0000] {taskinstance.py:1327} INFO - Marking task as SUCCESS. dag_id=stock_market_pipeline_v1.1, task_id=extract_features, execution_date=20230505T021007, start_date=20230505T032413, end_date=20230505T032551
[2023-05-05T03:25:51.808+0000] {local_task_job.py:212} INFO - Task exited with return code 0
[2023-05-05T03:25:51.817+0000] {taskinstance.py:2596} INFO - 0 downstream tasks scheduled from follow-on schedule check
