[2023-05-05T03:25:52.276+0000] {taskinstance.py:1090} INFO - Dependencies all met for dep_context=non-requeueable deps ti=<TaskInstance: stock_market_pipeline_v1.1.train_model manual__2023-05-05T02:10:07.619266+00:00 [queued]>
[2023-05-05T03:25:52.280+0000] {taskinstance.py:1090} INFO - Dependencies all met for dep_context=requeueable deps ti=<TaskInstance: stock_market_pipeline_v1.1.train_model manual__2023-05-05T02:10:07.619266+00:00 [queued]>
[2023-05-05T03:25:52.280+0000] {taskinstance.py:1288} INFO - 
--------------------------------------------------------------------------------
[2023-05-05T03:25:52.280+0000] {taskinstance.py:1289} INFO - Starting attempt 1 of 1
[2023-05-05T03:25:52.280+0000] {taskinstance.py:1290} INFO - 
--------------------------------------------------------------------------------
[2023-05-05T03:25:52.287+0000] {taskinstance.py:1309} INFO - Executing <Task(BashOperator): train_model> on 2023-05-05 02:10:07.619266+00:00
[2023-05-05T03:25:52.291+0000] {standard_task_runner.py:55} INFO - Started process 2419 to run task
[2023-05-05T03:25:52.293+0000] {standard_task_runner.py:82} INFO - Running: ['***', 'tasks', 'run', 'stock_market_pipeline_v1.1', 'train_model', 'manual__2023-05-05T02:10:07.619266+00:00', '--job-id', '9', '--raw', '--subdir', 'DAGS_FOLDER/data_pipeline.py', '--cfg-path', '/tmp/tmpbknddw26']
[2023-05-05T03:25:52.294+0000] {standard_task_runner.py:83} INFO - Job 9: Subtask train_model
[2023-05-05T03:25:52.343+0000] {task_command.py:389} INFO - Running <TaskInstance: stock_market_pipeline_v1.1.train_model manual__2023-05-05T02:10:07.619266+00:00 [running]> on host eb70fa53aaaf
[2023-05-05T03:25:52.375+0000] {taskinstance.py:1516} INFO - Exporting the following env vars:
AIRFLOW_CTX_DAG_OWNER=Kevin Freire
AIRFLOW_CTX_DAG_ID=stock_market_pipeline_v1.1
AIRFLOW_CTX_TASK_ID=train_model
AIRFLOW_CTX_EXECUTION_DATE=2023-05-05T02:10:07.619266+00:00
AIRFLOW_CTX_TRY_NUMBER=1
AIRFLOW_CTX_DAG_RUN_ID=manual__2023-05-05T02:10:07.619266+00:00
[2023-05-05T03:25:52.376+0000] {subprocess.py:63} INFO - Tmp dir root location: 
 /tmp
[2023-05-05T03:25:52.376+0000] {subprocess.py:75} INFO - Running command: ['/bin/bash', '-c', 'python3 /opt/***/scripts/train.py']
[2023-05-05T03:25:52.385+0000] {subprocess.py:86} INFO - Output:
[2023-05-05T03:35:18.657+0000] {subprocess.py:97} INFO - Command exited with return code 0
[2023-05-05T03:35:18.672+0000] {taskinstance.py:1327} INFO - Marking task as SUCCESS. dag_id=stock_market_pipeline_v1.1, task_id=train_model, execution_date=20230505T021007, start_date=20230505T032552, end_date=20230505T033518
[2023-05-05T03:35:18.686+0000] {local_task_job.py:212} INFO - Task exited with return code 0
[2023-05-05T03:35:18.694+0000] {taskinstance.py:2596} INFO - 0 downstream tasks scheduled from follow-on schedule check
